<?xml version="1.0" encoding="UTF-8"?>
<testsuite xmlns:xsi="http://www.w3.org/2001/XMLSchema-instance" xsi:noNamespaceSchemaLocation="https://maven.apache.org/surefire/maven-surefire-plugin/xsd/surefire-test-report-3.0.xsd" version="3.0" name="ba.unsa.etf.rpr.business.MoviesManagerTest" time="2.616" tests="3" errors="0" skipped="0" failures="0">
  <properties>
[...]
</properties>
  <testcase name="filterByGenre" classname="ba.unsa.etf.rpr.business.MoviesManagerTest" time="2.181"/>
  <testcase name="add" classname="ba.unsa.etf.rpr.business.MoviesManagerTest" time="0.162"/>
  <testcase name="searchByMovie_name" classname="ba.unsa.etf.rpr.business.MoviesManagerTest" time="0.159"/>
</testsuite>